# JRE version: OpenJDK Runtime Environment JBR-17.0.14+1-1367.22-nomod (17.0.14+1) (build 17.0.14+1-b1367.22)
# Java VM: OpenJDK 64-Bit Server VM JBR-17.0.14+1-1367.22-nomod (17.0.14+1-b1367.22, mixed mode, sharing, tiered, compressed oops, compressed class ptrs, g1 gc, windows-amd64)
GC Precious Log:
 CPUs: 12 total, 12 available
 Memory: 7895M
 Large Page Support: Disabled
 NUMA Support: Disabled
 Compressed Oops: Enabled (32-bit)
 Heap Region Size: 1M
 Heap Min Capacity: 8M
 Heap Initial Capacity: 124M
 Heap Max Capacity: 2G
 Pre-touch: Disabled
 Parallel Workers: 10
 Concurrent Workers: 3
 Concurrent Refinement Workers: 10
 Periodic GC: Disabled
Heap:
 garbage-first heap   total 242688K, used 201190K [0x0000000080000000, 0x0000000100000000)
  region size 1024K, 8 young (8192K), 6 survivors (6144K)
 Metaspace       used 109230K, committed 110208K, reserved 1179648K
  class space    used 15286K, committed 15808K, reserved 1048576K
GC Heap History (20 events):
Event: 44.601 GC heap before
{Heap before GC invocations=68 (full 0):
 garbage-first heap   total 201728K, used 170119K [0x0000000080000000, 0x0000000100000000)
  region size 1024K, 30 young (30720K), 2 survivors (2048K)
 Metaspace       used 105343K, committed 106240K, reserved 1179648K
  class space    used 14806K, committed 15232K, reserved 1048576K
}
Event: 44.607 GC heap after
{Heap after GC invocations=69 (full 0):
 garbage-first heap   total 201728K, used 146570K [0x0000000080000000, 0x0000000100000000)
  region size 1024K, 4 young (4096K), 4 survivors (4096K)
 Metaspace       used 105343K, committed 106240K, reserved 1179648K
  class space    used 14806K, committed 15232K, reserved 1048576K
}
Event: 45.550 GC heap before
{Heap before GC invocations=69 (full 0):
 garbage-first heap   total 201728K, used 170122K [0x0000000080000000, 0x0000000100000000)
  region size 1024K, 28 young (28672K), 4 survivors (4096K)
 Metaspace       used 105368K, committed 106240K, reserved 1179648K
  class space    used 14810K, committed 15232K, reserved 1048576K
}
Event: 45.578 GC heap after
{Heap after GC invocations=70 (full 0):
 garbage-first heap   total 201728K, used 148255K [0x0000000080000000, 0x0000000100000000)
  region size 1024K, 3 young (3072K), 3 survivors (3072K)
 Metaspace       used 105368K, committed 106240K, reserved 1179648K
  class space    used 14810K, committed 15232K, reserved 1048576K
}
Event: 46.265 GC heap before
{Heap before GC invocations=70 (full 0):
 garbage-first heap   total 201728K, used 170783K [0x0000000080000000, 0x0000000100000000)
  region size 1024K, 26 young (26624K), 3 survivors (3072K)
 Metaspace       used 105389K, committed 106304K, reserved 1179648K
  class space    used 14812K, committed 15232K, reserved 1048576K
}
Event: 46.290 GC heap after
{Heap after GC invocations=71 (full 0):
 garbage-first heap   total 201728K, used 150081K [0x0000000080000000, 0x0000000100000000)
  region size 1024K, 4 young (4096K), 4 survivors (4096K)
 Metaspace       used 105389K, committed 106304K, reserved 1179648K
  class space    used 14812K, committed 15232K, reserved 1048576K
}
Event: 47.453 GC heap before
{Heap before GC invocations=71 (full 0):
 garbage-first heap   total 201728K, used 170561K [0x0000000080000000, 0x0000000100000000)
  region size 1024K, 25 young (25600K), 4 survivors (4096K)
 Metaspace       used 105780K, committed 106752K, reserved 1179648K
  class space    used 14859K, committed 15296K, reserved 1048576K
}
Event: 47.475 GC heap after
{Heap after GC invocations=72 (full 0):
 garbage-first heap   total 201728K, used 150599K [0x0000000080000000, 0x0000000100000000)
  region size 1024K, 4 young (4096K), 4 survivors (4096K)
 Metaspace       used 105780K, committed 106752K, reserved 1179648K
  class space    used 14859K, committed 15296K, reserved 1048576K
}
Event: 47.949 GC heap before
{Heap before GC invocations=72 (full 0):
 garbage-first heap   total 201728K, used 170055K [0x0000000080000000, 0x0000000100000000)
  region size 1024K, 24 young (24576K), 4 survivors (4096K)
 Metaspace       used 105979K, committed 106880K, reserved 1179648K
  class space    used 14886K, committed 15296K, reserved 1048576K
}
Event: 47.962 GC heap after
{Heap after GC invocations=73 (full 0):
 garbage-first heap   total 201728K, used 151091K [0x0000000080000000, 0x0000000100000000)
  region size 1024K, 3 young (3072K), 3 survivors (3072K)
 Metaspace       used 105979K, committed 106880K, reserved 1179648K
  class space    used 14886K, committed 15296K, reserved 1048576K
}
Event: 48.578 GC heap before
{Heap before GC invocations=73 (full 0):
 garbage-first heap   total 201728K, used 171571K [0x0000000080000000, 0x0000000100000000)
  region size 1024K, 24 young (24576K), 3 survivors (3072K)
 Metaspace       used 106119K, committed 107008K, reserved 1179648K
  class space    used 14904K, committed 15296K, reserved 1048576K
}
Event: 48.592 GC heap after
{Heap after GC invocations=74 (full 0):
 garbage-first heap   total 242688K, used 152083K [0x0000000080000000, 0x0000000100000000)
  region size 1024K, 3 young (3072K), 3 survivors (3072K)
 Metaspace       used 106119K, committed 107008K, reserved 1179648K
  class space    used 14904K, committed 15296K, reserved 1048576K
}
Event: 49.772 GC heap before
{Heap before GC invocations=74 (full 0):
 garbage-first heap   total 242688K, used 203283K [0x0000000080000000, 0x0000000100000000)
  region size 1024K, 54 young (55296K), 3 survivors (3072K)
 Metaspace       used 106198K, committed 107200K, reserved 1179648K
  class space    used 14913K, committed 15360K, reserved 1048576K
}
Event: 49.790 GC heap after
{Heap after GC invocations=75 (full 0):
 garbage-first heap   total 242688K, used 153570K [0x0000000080000000, 0x0000000100000000)
  region size 1024K, 5 young (5120K), 5 survivors (5120K)
 Metaspace       used 106198K, committed 107200K, reserved 1179648K
  class space    used 14913K, committed 15360K, reserved 1048576K
}
Event: 55.521 GC heap before
{Heap before GC invocations=75 (full 0):
 garbage-first heap   total 242688K, used 203746K [0x0000000080000000, 0x0000000100000000)
  region size 1024K, 55 young (56320K), 5 survivors (5120K)
 Metaspace       used 107215K, committed 108096K, reserved 1179648K
  class space    used 15030K, committed 15424K, reserved 1048576K
}
Event: 55.547 GC heap after
{Heap after GC invocations=76 (full 0):
 garbage-first heap   total 242688K, used 155462K [0x0000000080000000, 0x0000000100000000)
  region size 1024K, 6 young (6144K), 6 survivors (6144K)
 Metaspace       used 107215K, committed 108096K, reserved 1179648K
  class space    used 15030K, committed 15424K, reserved 1048576K
}
Event: 56.208 GC heap before
{Heap before GC invocations=76 (full 0):
 garbage-first heap   total 242688K, used 203590K [0x0000000080000000, 0x0000000100000000)
  region size 1024K, 54 young (55296K), 6 survivors (6144K)
 Metaspace       used 107386K, committed 108288K, reserved 1179648K
  class space    used 15049K, committed 15488K, reserved 1048576K
}
Event: 56.214 GC heap after
{Heap after GC invocations=77 (full 0):
 garbage-first heap   total 242688K, used 157675K [0x0000000080000000, 0x0000000100000000)
  region size 1024K, 5 young (5120K), 5 survivors (5120K)
 Metaspace       used 107386K, committed 108288K, reserved 1179648K
  class space    used 15049K, committed 15488K, reserved 1048576K
}
Event: 57.210 GC heap before
{Heap before GC invocations=77 (full 0):
 garbage-first heap   total 242688K, used 213995K [0x0000000080000000, 0x0000000100000000)
  region size 1024K, 40 young (40960K), 5 survivors (5120K)
 Metaspace       used 109180K, committed 110208K, reserved 1179648K
  class space    used 15285K, committed 15808K, reserved 1048576K
}
Event: 57.250 GC heap after
{Heap after GC invocations=78 (full 0):
 garbage-first heap   total 242688K, used 183782K [0x0000000080000000, 0x0000000100000000)
  region size 1024K, 6 young (6144K), 6 survivors (6144K)
 Metaspace       used 109180K, committed 110208K, reserved 1179648K
  class space    used 15285K, committed 15808K, reserved 1048576K
}

