# JRE version: OpenJDK Runtime Environment JBR-17.0.14+1-1367.22-nomod (17.0.14+1) (build 17.0.14+1-b1367.22)
# Java VM: OpenJDK 64-Bit Server VM JBR-17.0.14+1-1367.22-nomod (17.0.14+1-b1367.22, mixed mode, sharing, tiered, compressed oops, compressed class ptrs, g1 gc, windows-amd64)
GC Precious Log:
 CPUs: 12 total, 12 available
 Memory: 7895M
 Large Page Support: Disabled
 NUMA Support: Disabled
 Compressed Oops: Enabled (32-bit)
 Heap Region Size: 1M
 Heap Min Capacity: 8M
 Heap Initial Capacity: 124M
 Heap Max Capacity: 2G
 Pre-touch: Disabled
 Parallel Workers: 10
 Concurrent Workers: 3
 Concurrent Refinement Workers: 10
 Periodic GC: Disabled
Heap:
 garbage-first heap   total 521216K, used 369156K [0x0000000080000000, 0x0000000100000000)
  region size 1024K, 191 young (195584K), 1 survivors (1024K)
 Metaspace       used 138888K, committed 140032K, reserved 1179648K
  class space    used 19683K, committed 20224K, reserved 1048576K
GC Heap History (20 events):
Event: 50.556 GC heap before
{Heap before GC invocations=72 (full 0):
 garbage-first heap   total 291840K, used 247433K [0x0000000080000000, 0x0000000100000000)
  region size 1024K, 77 young (78848K), 8 survivors (8192K)
 Metaspace       used 127303K, committed 128384K, reserved 1179648K
  class space    used 18488K, committed 19008K, reserved 1048576K
}
Event: 50.563 GC heap after
{Heap after GC invocations=73 (full 0):
 garbage-first heap   total 291840K, used 176547K [0x0000000080000000, 0x0000000100000000)
  region size 1024K, 5 young (5120K), 5 survivors (5120K)
 Metaspace       used 127303K, committed 128384K, reserved 1179648K
  class space    used 18488K, committed 19008K, reserved 1048576K
}
Event: 50.852 GC heap before
{Heap before GC invocations=73 (full 0):
 garbage-first heap   total 291840K, used 249251K [0x0000000080000000, 0x0000000100000000)
  region size 1024K, 76 young (77824K), 5 survivors (5120K)
 Metaspace       used 127459K, committed 128512K, reserved 1179648K
  class space    used 18491K, committed 19008K, reserved 1048576K
}
Event: 50.857 GC heap after
{Heap after GC invocations=74 (full 0):
 garbage-first heap   total 291840K, used 178554K [0x0000000080000000, 0x0000000100000000)
  region size 1024K, 7 young (7168K), 7 survivors (7168K)
 Metaspace       used 127459K, committed 128512K, reserved 1179648K
  class space    used 18491K, committed 19008K, reserved 1048576K
}
Event: 51.503 GC heap before
{Heap before GC invocations=74 (full 0):
 garbage-first heap   total 291840K, used 248186K [0x0000000080000000, 0x0000000100000000)
  region size 1024K, 76 young (77824K), 7 survivors (7168K)
 Metaspace       used 127814K, committed 128896K, reserved 1179648K
  class space    used 18497K, committed 19008K, reserved 1048576K
}
Event: 51.506 GC heap after
{Heap after GC invocations=75 (full 0):
 garbage-first heap   total 291840K, used 174667K [0x0000000080000000, 0x0000000100000000)
  region size 1024K, 2 young (2048K), 2 survivors (2048K)
 Metaspace       used 127814K, committed 128896K, reserved 1179648K
  class space    used 18497K, committed 19008K, reserved 1048576K
}
Event: 51.929 GC heap before
{Heap before GC invocations=75 (full 0):
 garbage-first heap   total 291840K, used 250443K [0x0000000080000000, 0x0000000100000000)
  region size 1024K, 76 young (77824K), 2 survivors (2048K)
 Metaspace       used 127907K, committed 128960K, reserved 1179648K
  class space    used 18504K, committed 19008K, reserved 1048576K
}
Event: 51.932 GC heap after
{Heap after GC invocations=76 (full 0):
 garbage-first heap   total 291840K, used 174646K [0x0000000080000000, 0x0000000100000000)
  region size 1024K, 2 young (2048K), 2 survivors (2048K)
 Metaspace       used 127907K, committed 128960K, reserved 1179648K
  class space    used 18504K, committed 19008K, reserved 1048576K
}
Event: 52.236 GC heap before
{Heap before GC invocations=76 (full 0):
 garbage-first heap   total 291840K, used 251446K [0x0000000080000000, 0x0000000100000000)
  region size 1024K, 77 young (78848K), 2 survivors (2048K)
 Metaspace       used 127972K, committed 129024K, reserved 1179648K
  class space    used 18507K, committed 19008K, reserved 1048576K
}
Event: 52.238 GC heap after
{Heap after GC invocations=77 (full 0):
 garbage-first heap   total 291840K, used 175498K [0x0000000080000000, 0x0000000100000000)
  region size 1024K, 3 young (3072K), 3 survivors (3072K)
 Metaspace       used 127972K, committed 129024K, reserved 1179648K
  class space    used 18507K, committed 19008K, reserved 1048576K
}
Event: 52.760 GC heap before
{Heap before GC invocations=77 (full 0):
 garbage-first heap   total 291840K, used 251274K [0x0000000080000000, 0x0000000100000000)
  region size 1024K, 78 young (79872K), 3 survivors (3072K)
 Metaspace       used 128192K, committed 129280K, reserved 1179648K
  class space    used 18511K, committed 19008K, reserved 1048576K
}
Event: 52.764 GC heap after
{Heap after GC invocations=78 (full 0):
 garbage-first heap   total 291840K, used 175287K [0x0000000080000000, 0x0000000100000000)
  region size 1024K, 3 young (3072K), 3 survivors (3072K)
 Metaspace       used 128192K, committed 129280K, reserved 1179648K
  class space    used 18511K, committed 19008K, reserved 1048576K
}
Event: 53.681 GC heap before
{Heap before GC invocations=78 (full 0):
 garbage-first heap   total 291840K, used 252087K [0x0000000080000000, 0x0000000100000000)
  region size 1024K, 79 young (80896K), 3 survivors (3072K)
 Metaspace       used 129576K, committed 130752K, reserved 1179648K
  class space    used 18709K, committed 19264K, reserved 1048576K
}
Event: 53.688 GC heap after
{Heap after GC invocations=79 (full 0):
 garbage-first heap   total 291840K, used 181214K [0x0000000080000000, 0x0000000100000000)
  region size 1024K, 8 young (8192K), 8 survivors (8192K)
 Metaspace       used 129576K, committed 130752K, reserved 1179648K
  class space    used 18709K, committed 19264K, reserved 1048576K
}
Event: 54.751 GC heap before
{Heap before GC invocations=79 (full 0):
 garbage-first heap   total 291840K, used 237534K [0x0000000080000000, 0x0000000100000000)
  region size 1024K, 45 young (46080K), 8 survivors (8192K)
 Metaspace       used 131911K, committed 132992K, reserved 1179648K
  class space    used 19009K, committed 19520K, reserved 1048576K
}
Event: 54.779 GC heap after
{Heap after GC invocations=80 (full 0):
 garbage-first heap   total 291840K, used 203152K [0x0000000080000000, 0x0000000100000000)
  region size 1024K, 6 young (6144K), 6 survivors (6144K)
 Metaspace       used 131911K, committed 132992K, reserved 1179648K
  class space    used 19009K, committed 19520K, reserved 1048576K
}
Event: 57.071 GC heap before
{Heap before GC invocations=81 (full 0):
 garbage-first heap   total 454656K, used 360848K [0x0000000080000000, 0x0000000100000000)
  region size 1024K, 37 young (37888K), 6 survivors (6144K)
 Metaspace       used 134397K, committed 135424K, reserved 1179648K
  class space    used 19327K, committed 19840K, reserved 1048576K
}
Event: 57.083 GC heap after
{Heap after GC invocations=82 (full 0):
 garbage-first heap   total 521216K, used 183201K [0x0000000080000000, 0x0000000100000000)
  region size 1024K, 2 young (2048K), 2 survivors (2048K)
 Metaspace       used 134397K, committed 135424K, reserved 1179648K
  class space    used 19327K, committed 19840K, reserved 1048576K
}
Event: 57.759 GC heap before
{Heap before GC invocations=82 (full 0):
 garbage-first heap   total 521216K, used 205729K [0x0000000080000000, 0x0000000100000000)
  region size 1024K, 25 young (25600K), 2 survivors (2048K)
 Metaspace       used 136981K, committed 137984K, reserved 1179648K
  class space    used 19568K, committed 20032K, reserved 1048576K
}
Event: 57.763 GC heap after
{Heap after GC invocations=83 (full 0):
 garbage-first heap   total 521216K, used 175620K [0x0000000080000000, 0x0000000100000000)
  region size 1024K, 1 young (1024K), 1 survivors (1024K)
 Metaspace       used 136981K, committed 137984K, reserved 1179648K
  class space    used 19568K, committed 20032K, reserved 1048576K
}

